Drill Listing
=============
Drill: .012  Tool: 1  Feed: 95  Speed: 300
X 147400  Y 169800
X 143400  Y 172800
X 140400  Y 178600
X 149600  Y 178800
X 138000  Y 182600
X 136400  Y 185400
X 142800  Y 237200
X 133600  Y 244800
X 143200  Y 246000
X 133200  Y 250600
X 143800  Y 256000
X 124800  Y 262200
X 129600  Y 266000
X 127800  Y 272800
X 145400  Y 273400
X 130800  Y 280800
X 173400  Y 342200
X 167800  Y 332200
X 159400  Y 296400
X 172600  Y 289200
X 166600  Y 287800
X 166200  Y 284200
X 169000  Y 281800
X 149800  Y 273400
X 163800  Y 268800
X 160200  Y 265400
X 165000  Y 263600
X 160800  Y 261600
X 174600  Y 245400
X 162600  Y 208400
X 160600  Y 201400
X 170400  Y 199000
X 164000  Y 196200
X 169000  Y 193400
X 173400  Y 188600
X 164800  Y 186200
X 158000  Y 184800
X 153600  Y 184000
X 156600  Y 180000
X 170600  Y 174800
X 158400  Y 163200
X 169800  Y 157600
X 164800  Y 157400
X 198800  Y 139000
X 198800  Y 153600
X 195200  Y 154800
X 176000  Y 157800
X 199000  Y 182200
X 175000  Y 195400
X 180000  Y 198600
X 195000  Y 205400
X 195400  Y 210400
X 191200  Y 211000
X 199200  Y 213600
X 185000  Y 213800
X 195200  Y 214400
X 190200  Y 215800
X 185000  Y 216200
X 185000  Y 218600
X 189600  Y 220200
X 181400  Y 229200
X 196400  Y 238400
X 182000  Y 240200
X 181400  Y 245400
X 197000  Y 247800
X 197400  Y 252200
X 188200  Y 263400
X 192200  Y 264800
X 189200  Y 268600
X 192200  Y 269400
X 195800  Y 272000
X 189200  Y 273600
X 198200  Y 275000
X 193000  Y 275600
X 186800  Y 287400
X 180400  Y 289200
X 194000  Y 290000
X 199200  Y 291800
X 199000  Y 308400
X 175800  Y 325600
X 182800  Y 330800
X 198800  Y 333800
X 178600  Y 334400
X 184400  Y 341200
X 181200  Y 349200
X 195600  Y 360000
X 205200  Y 365400
X 207600  Y 360800
X 200400  Y 360000
X 210800  Y 344600
X 204000  Y 340600
X 212800  Y 337800
X 210000  Y 332200
X 200600  Y 326000
X 212200  Y 324400
X 222600  Y 323600
X 204200  Y 306600
X 209000  Y 305400
X 205600  Y 301200
X 206000  Y 297000
X 206000  Y 293000
X 207000  Y 289400
X 211800  Y 288600
X 201000  Y 288000
X 211800  Y 283600
X 220400  Y 282800
X 219800  Y 277200
X 209200  Y 276200
X 222800  Y 275600
X 215000  Y 273200
X 213000  Y 257800
X 205600  Y 257600
X 218800  Y 257600
X 220000  Y 252400
X 212200  Y 251600
X 201800  Y 250400
X 206000  Y 249600
X 219400  Y 246400
X 212600  Y 243000
X 219400  Y 215200
X 219000  Y 212000
X 200000  Y 210000
X 199800  Y 205400
X 222400  Y 182800
X 215000  Y 180600
X 200200  Y 175000
X 202000  Y 153600
X 205200  Y 153600
X 202000  Y 139000
X 205200  Y 139000
X 247400  Y 143400
X 239000  Y 145400
X 229800  Y 146000
X 241200  Y 148000
X 226200  Y 152800
X 242200  Y 168000
X 225000  Y 168600
X 247800  Y 194800
X 247800  Y 197400
X 247800  Y 200000
X 225200  Y 214400
X 230000  Y 217600
X 234000  Y 217800
X 237200  Y 219400
X 229600  Y 221000
X 234200  Y 221600
X 249600  Y 223200
X 232600  Y 225400
X 229400  Y 225600
X 237400  Y 232400
X 238400  Y 242800
X 244800  Y 252200
X 247000  Y 257800
X 242200  Y 257800
X 238200  Y 258400
X 228800  Y 261800
X 227400  Y 307400
X 234000  Y 323400
X 248800  Y 323600
X 227400  Y 323600
X 243400  Y 323600
X 231200  Y 326200
X 237000  Y 326800
X 245200  Y 327000
X 229400  Y 335200
X 248200  Y 337800
X 234400  Y 345400
X 257000  Y 343200
X 256400  Y 333600
X 252200  Y 319000
X 272400  Y 311800
X 252400  Y 309000
X 269000  Y 272400
X 250400  Y 272200
X 255800  Y 268800
X 269200  Y 267600
X 249800  Y 265800
X 274200  Y 264400
X 257400  Y 262200
X 254200  Y 256200
X 258600  Y 252800
X 273800  Y 242000
X 261800  Y 234600
X 249800  Y 227800
X 262200  Y 224600
X 257000  Y 223600
X 253000  Y 220600
X 258400  Y 220200
X 262200  Y 220200
X 266600  Y 205000
X 270600  Y 205000
X 259800  Y 191800
X 253800  Y 177800
X 252000  Y 169800
X 261600  Y 168200
X 272000  Y 149200
X 265800  Y 148200
X 268800  Y 145200
X 259400  Y 143400
X 274400  Y 132600
X 280200  Y 119600
X 284000  Y 120200
X 293600  Y 120200
X 285600  Y 122800
X 290400  Y 124200
X 277000  Y 124800
X 282400  Y 126400
X 297000  Y 127200
X 294400  Y 129400
X 278800  Y 130400
X 284400  Y 131200
X 281200  Y 134000
X 291600  Y 136400
X 286800  Y 137000
X 295800  Y 137200
X 283000  Y 138200
X 288400  Y 140800
X 276200  Y 142400
X 284400  Y 142600
X 288200  Y 149000
X 294800  Y 209800
X 280400  Y 220800
X 286800  Y 220800
X 288600  Y 241400
X 277000  Y 241800
X 292800  Y 252000
X 285600  Y 255000
X 294200  Y 262400
X 286400  Y 265400
X 288600  Y 271400
X 290800  Y 274000
X 298000  Y 279400
X 290200  Y 285400
X 280000  Y 301200
X 298600  Y 303600
X 290600  Y 314000
X 275800  Y 314400
X 285400  Y 319600
X 280200  Y 329000
X 296000  Y 330400
X 279000  Y 337200
X 286600  Y 346800
X 313600  Y 353000
X 322600  Y 334400
X 313000  Y 332800
X 320600  Y 325400
X 309400  Y 320200
X 318000  Y 318200
X 302000  Y 313600
X 314000  Y 312400
X 323000  Y 306000
X 311000  Y 304800
X 316600  Y 293000
X 303800  Y 284600
X 312800  Y 277200
X 324000  Y 274600
X 315200  Y 260000
X 320400  Y 260000
X 309200  Y 254000
X 301800  Y 252000
X 309200  Y 248600
X 320600  Y 210000
X 308400  Y 196800
X 308400  Y 181800
X 313800  Y 179800
X 304800  Y 173400
X 309800  Y 167600
X 312200  Y 151400
X 317400  Y 147000
X 313600  Y 142800
X 328200  Y 139000
X 339200  Y 151000
X 336800  Y 158200
X 346600  Y 165600
X 339000  Y 166200
X 330800  Y 169000
X 325600  Y 180000
X 348200  Y 184000
X 349200  Y 192400
X 346600  Y 203200
X 334000  Y 266600
X 344600  Y 267000
X 334000  Y 269200
X 344600  Y 269600
X 334000  Y 271800
X 344600  Y 272200
X 334000  Y 274400
X 344600  Y 274800
X 325200  Y 288800
X 335800  Y 290000
X 334600  Y 309600
X 345000  Y 319800
X 331000  Y 320000
X 342200  Y 326800
X 332800  Y 330200
X 326400  Y 341400
X 353200  Y 315000
X 364200  Y 298600
X 362800  Y 290200
X 351200  Y 287800
X 372400  Y 287200
X 361800  Y 230600
X 374000  Y 227600
X 366200  Y 227200
X 360000  Y 226800
X 361000  Y 222400
X 365200  Y 221800
X 358400  Y 219200
X 365200  Y 219000
X 365200  Y 216200
X 365200  Y 213400
X 358400  Y 213400
X 360400  Y 207000
X 370000  Y 206800
X 367600  Y 203400
X 372400  Y 202800
X 374400  Y 199200
X 364000  Y 199000
X 369400  Y 198600
X 368800  Y 194200
X 363800  Y 193000
X 353000  Y 188800
X 369600  Y 188600
X 365200  Y 188000
X 368000  Y 183600
X 364400  Y 180800
X 350400  Y 179200
X 376000  Y 207400
X 376800  Y 214000
X 376800  Y 216600
X 376800  Y 219200
X 376600  Y 222000
X 380200  Y 227600
X 379400  Y 231600
X 377800  Y 267200

Drill: .035  Tool: 2  Feed: 197  Speed: 550
X 172599  Y 299657
X 188347  Y 299657
X 180473  Y 299657
X 196221  Y 299657

Drill: .06299  Tool: 3  Feed: 89  Speed: 550
X 371386  Y 237930

Drill: .06299  Tool: 4  Feed: 89  Speed: 550
X 215200  Y 146000
X 202200  Y 146000
X 189312  Y 146065
X 370986  Y 253330

End of Listing
